[26-Apr-2018 21:42:14 UTC] PHP Warning:  log() expects parameter 1 to be double, string given in /home/ubuntu/workspace/capstone-intel-2018/dist/API/DisplayUsers.php on line 5
[26-Apr-2018 21:42:14 UTC] PHP Stack trace:
[26-Apr-2018 21:42:14 UTC] PHP   1. {main}() /home/ubuntu/workspace/capstone-intel-2018/dist/API/DisplayUsers.php:0
[26-Apr-2018 21:42:14 UTC] PHP   2. log(*uninitialized*) /home/ubuntu/workspace/capstone-intel-2018/dist/API/DisplayUsers.php:5
[26-Apr-2018 21:42:14 UTC] PHP Warning:  log() expects parameter 1 to be double, string given in /home/ubuntu/workspace/capstone-intel-2018/dist/API/dbConnection.php on line 4
[26-Apr-2018 21:42:14 UTC] PHP Stack trace:
[26-Apr-2018 21:42:14 UTC] PHP   1. {main}() /home/ubuntu/workspace/capstone-intel-2018/dist/API/DisplayUsers.php:0
[26-Apr-2018 21:42:14 UTC] PHP   2. getDatabaseConnection() /home/ubuntu/workspace/capstone-intel-2018/dist/API/DisplayUsers.php:7
[26-Apr-2018 21:42:14 UTC] PHP   3. log(*uninitialized*) /home/ubuntu/workspace/capstone-intel-2018/dist/API/dbConnection.php:4
[26-Apr-2018 21:43:25 UTC] PHP Warning:  log() expects parameter 1 to be double, string given in /home/ubuntu/workspace/capstone-intel-2018/dist/API/DisplayUsers.php on line 5
[26-Apr-2018 21:43:25 UTC] PHP Stack trace:
[26-Apr-2018 21:43:25 UTC] PHP   1. {main}() /home/ubuntu/workspace/capstone-intel-2018/dist/API/DisplayUsers.php:0
[26-Apr-2018 21:43:25 UTC] PHP   2. log(*uninitialized*) /home/ubuntu/workspace/capstone-intel-2018/dist/API/DisplayUsers.php:5
[26-Apr-2018 21:43:25 UTC] PHP Warning:  log() expects parameter 1 to be double, string given in /home/ubuntu/workspace/capstone-intel-2018/dist/API/dbConnection.php on line 4
[26-Apr-2018 21:43:25 UTC] PHP Stack trace:
[26-Apr-2018 21:43:25 UTC] PHP   1. {main}() /home/ubuntu/workspace/capstone-intel-2018/dist/API/DisplayUsers.php:0
[26-Apr-2018 21:43:25 UTC] PHP   2. getDatabaseConnection() /home/ubuntu/workspace/capstone-intel-2018/dist/API/DisplayUsers.php:7
[26-Apr-2018 21:43:25 UTC] PHP   3. log(*uninitialized*) /home/ubuntu/workspace/capstone-intel-2018/dist/API/dbConnection.php:4
[26-Apr-2018 21:43:26 UTC] PHP Warning:  log() expects parameter 1 to be double, string given in /home/ubuntu/workspace/capstone-intel-2018/dist/API/DisplayUsers.php on line 5
[26-Apr-2018 21:43:26 UTC] PHP Stack trace:
[26-Apr-2018 21:43:26 UTC] PHP   1. {main}() /home/ubuntu/workspace/capstone-intel-2018/dist/API/DisplayUsers.php:0
[26-Apr-2018 21:43:26 UTC] PHP   2. log() /home/ubuntu/workspace/capstone-intel-2018/dist/API/DisplayUsers.php:5
[26-Apr-2018 21:43:26 UTC] PHP Warning:  log() expects parameter 1 to be double, string given in /home/ubuntu/workspace/capstone-intel-2018/dist/API/dbConnection.php on line 4
[26-Apr-2018 21:43:26 UTC] PHP Stack trace:
[26-Apr-2018 21:43:26 UTC] PHP   1. {main}() /home/ubuntu/workspace/capstone-intel-2018/dist/API/DisplayUsers.php:0
[26-Apr-2018 21:43:26 UTC] PHP   2. getDatabaseConnection() /home/ubuntu/workspace/capstone-intel-2018/dist/API/DisplayUsers.php:7
[26-Apr-2018 21:43:26 UTC] PHP   3. log() /home/ubuntu/workspace/capstone-intel-2018/dist/API/dbConnection.php:4
[26-Apr-2018 21:43:28 UTC] PHP Warning:  log() expects parameter 1 to be double, string given in /home/ubuntu/workspace/capstone-intel-2018/dist/API/DisplayUsers.php on line 5
[26-Apr-2018 21:43:28 UTC] PHP Stack trace:
[26-Apr-2018 21:43:28 UTC] PHP   1. {main}() /home/ubuntu/workspace/capstone-intel-2018/dist/API/DisplayUsers.php:0
[26-Apr-2018 21:43:28 UTC] PHP   2. log() /home/ubuntu/workspace/capstone-intel-2018/dist/API/DisplayUsers.php:5
[26-Apr-2018 21:43:28 UTC] PHP Warning:  log() expects parameter 1 to be double, string given in /home/ubuntu/workspace/capstone-intel-2018/dist/API/dbConnection.php on line 4
[26-Apr-2018 21:43:28 UTC] PHP Stack trace:
[26-Apr-2018 21:43:28 UTC] PHP   1. {main}() /home/ubuntu/workspace/capstone-intel-2018/dist/API/DisplayUsers.php:0
[26-Apr-2018 21:43:28 UTC] PHP   2. getDatabaseConnection() /home/ubuntu/workspace/capstone-intel-2018/dist/API/DisplayUsers.php:7
[26-Apr-2018 21:43:28 UTC] PHP   3. log() /home/ubuntu/workspace/capstone-intel-2018/dist/API/dbConnection.php:4
[26-Apr-2018 21:45:03 UTC] PHP Warning:  log() expects parameter 1 to be double, string given in /home/ubuntu/workspace/capstone-intel-2018/dist/API/dbConnection.php on line 4
[26-Apr-2018 21:45:03 UTC] PHP Stack trace:
[26-Apr-2018 21:45:03 UTC] PHP   1. {main}() /home/ubuntu/workspace/capstone-intel-2018/dist/API/DisplayUsers.php:0
[26-Apr-2018 21:45:03 UTC] PHP   2. getDatabaseConnection() /home/ubuntu/workspace/capstone-intel-2018/dist/API/DisplayUsers.php:7
[26-Apr-2018 21:45:03 UTC] PHP   3. log(*uninitialized*) /home/ubuntu/workspace/capstone-intel-2018/dist/API/dbConnection.php:4
